ra
ra
ra
ra
pb
pb
rr
ra
pb
rr
pb
pb
rb
pb
rb
pb
ra
pb
pb
pb
ra
pb
pb
rr
ra
ra
pb
rb
pb
rb
pb
rb
pb
rb
pb
ra
pb
ra
ra
pb
rb
pb
rr
pb
ra
ra
ra
pb
rr
ra
pb
ra
pb
rr
pb
ra
pb
rb
pb
rr
ra
pb
rr
pb
pb
pb
rr
pb
ra
pb
pb
pb
rr
ra
ra
pb
ra
pb
rr
pb
rb
pb
rb
pb
rr
ra
pb
ra
ra
pb
rb
pb
ra
ra
ra
ra
ra
ra
ra
ra
pb
pb
pb
pb
rb
pb
pb
ra
pb
rb
pb
ra
ra
rrb
rrb
rrb
rrb
rrb
rrb
rrb
rrb
rrb
rrb
rrb
rrb
rrb
rrb
rrb
rrb
rrb
rrb
rrb
rrb
rrb
rrb
rrb
rrb
rrb
ra
pb
ra
ra
ra
pb
rb
pb
ra
pb
rr
pb
pb
rr
pb
rb
pb
rr
pb
rr
ra
ra
ra
ra
pb
ra
pb
ra
pb
rr
ra
pb
pb
rb
pb
rb
pb
rb
pb
pb
pb
pb
ra
ra
ra
ra
pb
rb
pb
pb
pb
rr
ra
pb
pb
rrb
rrb
rrb
rrb
rrb
rrb
rrb
rrb
rrb
rrb
rrb
rrb
pb
pb
pb
rr
pb
pb
ra
ra
pb
rb
pb
ra
ra
pb
ra
ra
pb
rb
pb
ra
pb
rr
pb
pb
ra
rrb
rrb
rrb
rrb
ra
ra
ra
pb
sa
pb
ra
ra
pb
sa
pb
pb
rra
rra
rra
rra
rra
pb
sa
pb
ra
sa
pa
pa
pa
pa
pa
ss
pa
pa
sb
pa
pa
pa
pa
pa
pa
pa
pa
pa
pa
rb
rb
pa
rrb
rrb
sa
pa
pa
rb
pa
sb
pa
ss
pa
pa
rb
rb
pa
ss
rrb
rrb
rrb
pb
ra
ra
pb
rra
rra
sa
ra
sa
rra
pa
pa
rb
pa
sb
pa
rrb
ss
pa
pa
pa
pa
pa
rb
rb
rb
pa
rb
pa
rr
rb
pa
ra
pb
pb
sa
pa
pa
rrb
rrb
rrb
rrb
rrr
rrr
rb
pa
sb
pa
rb
rb
pa
ss
rrb
rrb
rrb
ra
sa
rra
pa
pa
pa
pa
pa
pa
pa
pa
pa
rr
rb
rb
rb
pa
rb
rb
rb
pb
sa
pb
ra
ra
pb
sa
rra
rra
sa
ra
sa
rra
sa
pa
pa
pa
rrb
rrb
rrb
rrb
rrb
rrb
rrr
rb
rb
pa
sb
pa
ss
pa
pa
ss
rrb
rrb
pb
sa
pb
ss
pa
pa
sb
rb
sb
rrb
sb
pa
pa
pa
pa
ra
pa
ra
pa
pa
pa
pa
pa
pa
pa
ra
pa
pa
ra
pa
pa
pa
pa
pa
rr
rb
rb
rb
rb
rb
rb
rb
rb
pb
pb
pb
ra
pb
pb
ra
ra
pb
rb
pb
ra
rra
rra
rra
rrr
ra
pb
sa
pb
ss
rra
sa
pa
pa
pa
pa
sb
pa
pa
sa
rb
sb
rrb
sb
pa
pa
pa
rrb
rrb
rrb
rrb
rrr
rrr
rrr
rrr
rrr
pb
ra
ra
pb
rra
rra
pa
pa
pa
rb
rb
rb
pa
ss
pa
pa
sb
pa
ss
rrb
rrb
rrb
ra
ra
ra
pb
pb
rra
rra
rra
ra
sa
rra
pa
pa
rb
pa
sb
pa
rrb
ss
pa
pa
pa
pa
pa
pa
pa
pa
pa
pa
pa
pa
ra
pa
pa
ra
pa
ra
pa
rb
pa
ra
pa
